<?xml version="1.0" encoding="UTF-8"?>
<!-- Generated by org.testng.reporters.JUnitXMLReporter -->
<testsuite hostname="DESKTOP-R61QJ1S" ignored="0" name="Api_AutoFramwork" tests="6" failures="0" timestamp="2018-12-20T17:25:34 CST" time="4.671" errors="0">
  <testcase name="postApiTest" time="1.22" classname="com.qa.tests.PostApiTest"/>
  <testcase name="getApiTest" time="0.586" classname="com.qa.tests.GetApiTest"/>
  <testcase name="getApiTest02" time="0.575" classname="com.qa.tests.GetApiTest"/>
  <testcase name="putApiTest" time="0.582" classname="com.qa.tests.PutApiTest"/>
  <testcase name="deleteApiTest" time="0.573" classname="com.qa.tests.DeleteApiTest"/>
  <testcase name="login" time="0.701" classname="com.qa.tests.testCase1"/>
</testsuite> <!-- Api_AutoFramwork -->
