<?xml version="1.0" encoding="UTF-8"?>
<!-- Generated by org.testng.reporters.JUnitXMLReporter -->
<testsuite hostname="DESKTOP-R61QJ1S" ignored="0" name="Api_AutoFramwork" tests="6" failures="0" timestamp="2018-12-20T14:22:09 CST" time="5.731" errors="0">
  <testcase name="postApiTest" time="1.318" classname="com.qa.tests.PostApiTest"/>
  <testcase name="getApiTest" time="0.589" classname="com.qa.tests.GetApiTest"/>
  <testcase name="getApiTest02" time="0.583" classname="com.qa.tests.GetApiTest"/>
  <testcase name="putApiTest" time="1.248" classname="com.qa.tests.PutApiTest"/>
  <testcase name="deleteApiTest" time="0.851" classname="com.qa.tests.DeleteApiTest"/>
  <testcase name="login" time="0.767" classname="com.qa.tests.testCase1"/>
</testsuite> <!-- Api_AutoFramwork -->
