<?xml version="1.0" encoding="UTF-8" ?>
<testsuite tests="6" failures="0" name="TestSuite" time="5.741" errors="0" skipped="0">
  <properties>
[...]
</properties>
  <testcase classname="com.qa.tests.PostApiTest" name="postApiTest" time="1.365"/>
  <testcase classname="com.qa.tests.GetApiTest" name="getApiTest" time="0.584"/>
  <testcase classname="com.qa.tests.GetApiTest" name="getApiTest02" time="0.575"/>
  <testcase classname="com.qa.tests.PutApiTest" name="putApiTest" time="0.576"/>
  <testcase classname="com.qa.tests.DeleteApiTest" name="deleteApiTest" time="0.572"/>
  <testcase classname="com.qa.tests.testCase1" name="login" time="0.776"/>
</testsuite>