<?xml version="1.0" encoding="UTF-8"?>
<testng-results skipped="0" failed="0" ignored="0" total="6" passed="6">
  <reporter-output>
    <line>
      <![CDATA[接口地址：https://reqres.in/api/users]]>
    </line>
    <line>
      <![CDATA[JSON：{"job":"tester","name":"Anthony"}]]>
    </line>
    <line>
      <![CDATA[状态码：201]]>
    </line>
    <line>
      <![CDATA[接口响应：{"job":"tester","name":"Anthony","id":"797","createdAt":"2018-12-20T06:36:19.805Z"}]]>
    </line>
    <line>
      <![CDATA[接口地址：https://reqres.in/api/users?page=2]]>
    </line>
    <line>
      <![CDATA[状态码：200]]>
    </line>
    <line>
      <![CDATA[接口响应：{"page":2,"per_page":3,"total":12,"total_pages":4,"data":[{"id":4,"first_name":"Eve","last_name":"Holt","avatar":"https://s3.amazonaws.com/uifaces/faces/twitter/marcoramires/128.jpg"},{"id":5,"first_name":"Charles","last_name":"Morris","avatar":"https://s3.amazonaws.com/uifaces/faces/twitter/stephenmoon/128.jpg"},{"id":6,"first_name":"Tracey","last_name":"Ramos","avatar":"https://s3.amazonaws.com/uifaces/faces/twitter/bigmancho/128.jpg"}]}]]>
    </line>
    <line>
      <![CDATA[接口地址：https://reqres.in/api/users?page=2]]>
    </line>
    <line>
      <![CDATA[状态码：200]]>
    </line>
    <line>
      <![CDATA[接口响应：{"page":2,"per_page":3,"total":12,"total_pages":4,"data":[{"id":4,"first_name":"Eve","last_name":"Holt","avatar":"https://s3.amazonaws.com/uifaces/faces/twitter/marcoramires/128.jpg"},{"id":5,"first_name":"Charles","last_name":"Morris","avatar":"https://s3.amazonaws.com/uifaces/faces/twitter/stephenmoon/128.jpg"},{"id":6,"first_name":"Tracey","last_name":"Ramos","avatar":"https://s3.amazonaws.com/uifaces/faces/twitter/bigmancho/128.jpg"}]}]]>
    </line>
    <line>
      <![CDATA[接口地址：https://reqres.in/api/users/2]]>
    </line>
    <line>
      <![CDATA[JSON：{"job":"automation tester","name":"Anthony"}]]>
    </line>
    <line>
      <![CDATA[状态码：200]]>
    </line>
    <line>
      <![CDATA[接口响应：{"job":"automation tester","name":"Anthony","updatedAt":"2018-12-20T06:36:21.762Z"}]]>
    </line>
    <line>
      <![CDATA[接口地址：https://reqres.in/api/users/2]]>
    </line>
    <line>
      <![CDATA[状态码：204]]>
    </line>
  </reporter-output>
  <suite name="Default Suite" duration-ms="4892" started-at="2018-12-20T14:32:56 CST" finished-at="2018-12-20T14:33:01 CST">
    <groups>
    </groups>
    <test name="Api_AutoFramwork" duration-ms="4892" started-at="2018-12-20T14:32:56 CST" finished-at="2018-12-20T14:33:01 CST">
      <class name="com.qa.tests.testCase1">
        <test-method status="PASS" signature="setUp()[pri:0, instance:com.qa.tests.testCase1@20e2cbe0]" name="setUp" is-config="true" duration-ms="0" started-at="2018-12-20T14:33:00 CST" finished-at="2018-12-20T14:33:00 CST">
          <reporter-output>
          </reporter-output>
        </test-method> <!-- setUp -->
        <test-method status="PASS" signature="login(java.lang.String, java.lang.String, java.lang.String)[pri:0, instance:com.qa.tests.testCase1@20e2cbe0]" name="login" duration-ms="688" started-at="2018-12-20T14:33:01 CST" data-provider="postData" finished-at="2018-12-20T14:33:01 CST">
          <params>
            <param index="0">
              <value>
                <![CDATA[/api/login]]>
              </value>
            </param>
            <param index="1">
              <value>
                <![CDATA[peter@klaven]]>
              </value>
            </param>
            <param index="2">
              <value>
                <![CDATA[cityslicka]]>
              </value>
            </param>
          </params>
          <reporter-output>
          </reporter-output>
        </test-method> <!-- login -->
        <test-method status="PASS" signature="endTest()[pri:0, instance:com.qa.tests.testCase1@20e2cbe0]" name="endTest" is-config="true" duration-ms="0" started-at="2018-12-20T14:33:01 CST" finished-at="2018-12-20T14:33:01 CST">
          <reporter-output>
          </reporter-output>
        </test-method> <!-- endTest -->
      </class> <!-- com.qa.tests.testCase1 -->
      <class name="com.qa.tests.DeleteApiTest">
        <test-method status="PASS" signature="setUp()[pri:0, instance:com.qa.tests.DeleteApiTest@2a5ca609]" name="setUp" is-config="true" duration-ms="0" started-at="2018-12-20T14:33:00 CST" finished-at="2018-12-20T14:33:00 CST">
          <reporter-output>
          </reporter-output>
        </test-method> <!-- setUp -->
        <test-method status="PASS" signature="deleteApiTest()[pri:0, instance:com.qa.tests.DeleteApiTest@2a5ca609]" name="deleteApiTest" duration-ms="613" started-at="2018-12-20T14:33:00 CST" finished-at="2018-12-20T14:33:00 CST">
          <reporter-output>
            <line>
              <![CDATA[接口地址：https://reqres.in/api/users/2]]>
            </line>
            <line>
              <![CDATA[状态码：204]]>
            </line>
          </reporter-output>
        </test-method> <!-- deleteApiTest -->
      </class> <!-- com.qa.tests.DeleteApiTest -->
      <class name="com.qa.tests.PostApiTest">
        <test-method status="PASS" signature="setUp()[pri:0, instance:com.qa.tests.PostApiTest@1753acfe]" name="setUp" is-config="true" duration-ms="8" started-at="2018-12-20T14:32:56 CST" finished-at="2018-12-20T14:32:56 CST">
          <reporter-output>
          </reporter-output>
        </test-method> <!-- setUp -->
        <test-method status="PASS" signature="postApiTest()[pri:0, instance:com.qa.tests.PostApiTest@1753acfe]" name="postApiTest" duration-ms="1336" started-at="2018-12-20T14:32:56 CST" finished-at="2018-12-20T14:32:58 CST">
          <reporter-output>
            <line>
              <![CDATA[接口地址：https://reqres.in/api/users]]>
            </line>
            <line>
              <![CDATA[JSON：{"job":"tester","name":"Anthony"}]]>
            </line>
            <line>
              <![CDATA[状态码：201]]>
            </line>
            <line>
              <![CDATA[接口响应：{"job":"tester","name":"Anthony","id":"797","createdAt":"2018-12-20T06:36:19.805Z"}]]>
            </line>
          </reporter-output>
        </test-method> <!-- postApiTest -->
      </class> <!-- com.qa.tests.PostApiTest -->
      <class name="com.qa.tests.PutApiTest">
        <test-method status="PASS" signature="setUp()[pri:0, instance:com.qa.tests.PutApiTest@2a2d45ba]" name="setUp" is-config="true" duration-ms="0" started-at="2018-12-20T14:32:59 CST" finished-at="2018-12-20T14:32:59 CST">
          <reporter-output>
          </reporter-output>
        </test-method> <!-- setUp -->
        <test-method status="PASS" signature="putApiTest()[pri:0, instance:com.qa.tests.PutApiTest@2a2d45ba]" name="putApiTest" duration-ms="644" started-at="2018-12-20T14:32:59 CST" finished-at="2018-12-20T14:33:00 CST">
          <reporter-output>
            <line>
              <![CDATA[接口地址：https://reqres.in/api/users/2]]>
            </line>
            <line>
              <![CDATA[JSON：{"job":"automation tester","name":"Anthony"}]]>
            </line>
            <line>
              <![CDATA[状态码：200]]>
            </line>
            <line>
              <![CDATA[接口响应：{"job":"automation tester","name":"Anthony","updatedAt":"2018-12-20T06:36:21.762Z"}]]>
            </line>
          </reporter-output>
        </test-method> <!-- putApiTest -->
      </class> <!-- com.qa.tests.PutApiTest -->
      <class name="com.qa.tests.GetApiTest">
        <test-method status="PASS" signature="getApiTest()[pri:0, instance:com.qa.tests.GetApiTest@7c16905e]" name="getApiTest" duration-ms="620" started-at="2018-12-20T14:32:58 CST" finished-at="2018-12-20T14:32:58 CST">
          <reporter-output>
            <line>
              <![CDATA[接口地址：https://reqres.in/api/users?page=2]]>
            </line>
            <line>
              <![CDATA[状态码：200]]>
            </line>
            <line>
              <![CDATA[接口响应：{"page":2,"per_page":3,"total":12,"total_pages":4,"data":[{"id":4,"first_name":"Eve","last_name":"Holt","avatar":"https://s3.amazonaws.com/uifaces/faces/twitter/marcoramires/128.jpg"},{"id":5,"first_name":"Charles","last_name":"Morris","avatar":"https://s3.amazonaws.com/uifaces/faces/twitter/stephenmoon/128.jpg"},{"id":6,"first_name":"Tracey","last_name":"Ramos","avatar":"https://s3.amazonaws.com/uifaces/faces/twitter/bigmancho/128.jpg"}]}]]>
            </line>
          </reporter-output>
        </test-method> <!-- getApiTest -->
        <test-method status="PASS" signature="setUp()[pri:0, instance:com.qa.tests.GetApiTest@7c16905e]" name="setUp" is-config="true" duration-ms="0" started-at="2018-12-20T14:32:58 CST" finished-at="2018-12-20T14:32:58 CST">
          <reporter-output>
          </reporter-output>
        </test-method> <!-- setUp -->
        <test-method status="PASS" signature="getApiTest02()[pri:0, instance:com.qa.tests.GetApiTest@7c16905e]" name="getApiTest02" duration-ms="614" started-at="2018-12-20T14:32:58 CST" finished-at="2018-12-20T14:32:59 CST">
          <reporter-output>
            <line>
              <![CDATA[接口地址：https://reqres.in/api/users?page=2]]>
            </line>
            <line>
              <![CDATA[状态码：200]]>
            </line>
            <line>
              <![CDATA[接口响应：{"page":2,"per_page":3,"total":12,"total_pages":4,"data":[{"id":4,"first_name":"Eve","last_name":"Holt","avatar":"https://s3.amazonaws.com/uifaces/faces/twitter/marcoramires/128.jpg"},{"id":5,"first_name":"Charles","last_name":"Morris","avatar":"https://s3.amazonaws.com/uifaces/faces/twitter/stephenmoon/128.jpg"},{"id":6,"first_name":"Tracey","last_name":"Ramos","avatar":"https://s3.amazonaws.com/uifaces/faces/twitter/bigmancho/128.jpg"}]}]]>
            </line>
          </reporter-output>
        </test-method> <!-- getApiTest02 -->
      </class> <!-- com.qa.tests.GetApiTest -->
    </test> <!-- Api_AutoFramwork -->
  </suite> <!-- Default Suite -->
</testng-results>
